# JRE version: Java(TM) SE Runtime Environment (8.0_192-b12) (build 1.8.0_192-b12)
# Java VM: Java HotSpot(TM) 64-Bit Server VM (25.192-b12 mixed mode windows-amd64 compressed oops)
Heap:
 PSYoungGen      total 432128K, used 328570K [0x00000000e1100000, 0x0000000100000000, 0x0000000100000000)
  eden space 359936K, 74% used [0x00000000e1100000,0x00000000f16c6630,0x00000000f7080000)
  from space 72192K, 83% used [0x00000000f7080000,0x00000000fab98478,0x00000000fb700000)
  to   space 74752K, 0% used [0x00000000fb700000,0x00000000fb700000,0x0000000100000000)
 ParOldGen       total 188928K, used 149678K [0x00000000a3200000, 0x00000000aea80000, 0x00000000e1100000)
  object space 188928K, 79% used [0x00000000a3200000,0x00000000ac42b818,0x00000000aea80000)
 Metaspace       used 26595K, capacity 27994K, committed 28288K, reserved 1073152K
  class space    used 3579K, capacity 3848K, committed 3968K, reserved 1048576K
GC Heap History (10 events):
Event: 3368.885 GC heap before
{Heap before GC invocations=29 (full 3):
 PSYoungGen      total 336384K, used 336028K [0x00000000e1100000, 0x00000000fc600000, 0x0000000100000000)
  eden space 286720K, 100% used [0x00000000e1100000,0x00000000f2900000,0x00000000f2900000)
  from space 49664K, 99% used [0x00000000f3600000,0x00000000f6627328,0x00000000f6680000)
  to   space 80384K, 0% used [0x00000000f7780000,0x00000000f7780000,0x00000000fc600000)
 ParOldGen       total 165888K, used 152507K [0x00000000a3200000, 0x00000000ad400000, 0x00000000e1100000)
  object space 165888K, 91% used [0x00000000a3200000,0x00000000ac6eec08,0x00000000ad400000)
 Metaspace       used 26449K, capacity 27862K, committed 27904K, reserved 1073152K
  class space    used 3561K, capacity 3832K, committed 3840K, reserved 1048576K
Event: 3368.964 GC heap after
Heap after GC invocations=29 (full 3):
 PSYoungGen      total 367104K, used 48324K [0x00000000e1100000, 0x00000000fc600000, 0x0000000100000000)
  eden space 286720K, 0% used [0x00000000e1100000,0x00000000e1100000,0x00000000f2900000)
  from space 80384K, 60% used [0x00000000f7780000,0x00000000fa6b1120,0x00000000fc600000)
  to   space 49664K, 0% used [0x00000000f3600000,0x00000000f3600000,0x00000000f6680000)
 ParOldGen       total 165888K, used 158491K [0x00000000a3200000, 0x00000000ad400000, 0x00000000e1100000)
  object space 165888K, 95% used [0x00000000a3200000,0x00000000accc6e68,0x00000000ad400000)
 Metaspace       used 26449K, capacity 27862K, committed 27904K, reserved 1073152K
  class space    used 3561K, capacity 3832K, committed 3840K, reserved 1048576K
}
Event: 3368.964 GC heap before
{Heap before GC invocations=30 (full 4):
 PSYoungGen      total 367104K, used 48324K [0x00000000e1100000, 0x00000000fc600000, 0x0000000100000000)
  eden space 286720K, 0% used [0x00000000e1100000,0x00000000e1100000,0x00000000f2900000)
  from space 80384K, 60% used [0x00000000f7780000,0x00000000fa6b1120,0x00000000fc600000)
  to   space 49664K, 0% used [0x00000000f3600000,0x00000000f3600000,0x00000000f6680000)
 ParOldGen       total 165888K, used 158491K [0x00000000a3200000, 0x00000000ad400000, 0x00000000e1100000)
  object space 165888K, 95% used [0x00000000a3200000,0x00000000accc6e68,0x00000000ad400000)
 Metaspace       used 26449K, capacity 27862K, committed 27904K, reserved 1073152K
  class space    used 3561K, capacity 3832K, committed 3840K, reserved 1048576K
Event: 3369.574 GC heap after
Heap after GC invocations=30 (full 4):
 PSYoungGen      total 367104K, used 0K [0x00000000e1100000, 0x00000000fc600000, 0x0000000100000000)
  eden space 286720K, 0% used [0x00000000e1100000,0x00000000e1100000,0x00000000f2900000)
  from space 80384K, 0% used [0x00000000f7780000,0x00000000f7780000,0x00000000fc600000)
  to   space 49664K, 0% used [0x00000000f3600000,0x00000000f3600000,0x00000000f6680000)
 ParOldGen       total 188928K, used 141787K [0x00000000a3200000, 0x00000000aea80000, 0x00000000e1100000)
  object space 188928K, 75% used [0x00000000a3200000,0x00000000abc76cc8,0x00000000aea80000)
 Metaspace       used 26449K, capacity 27862K, committed 27904K, reserved 1073152K
  class space    used 3561K, capacity 3832K, committed 3840K, reserved 1048576K
}
Event: 3407.292 GC heap before
{Heap before GC invocations=31 (full 4):
 PSYoungGen      total 367104K, used 286720K [0x00000000e1100000, 0x00000000fc600000, 0x0000000100000000)
  eden space 286720K, 100% used [0x00000000e1100000,0x00000000f2900000,0x00000000f2900000)
  from space 80384K, 0% used [0x00000000f7780000,0x00000000f7780000,0x00000000fc600000)
  to   space 49664K, 0% used [0x00000000f3600000,0x00000000f3600000,0x00000000f6680000)
 ParOldGen       total 188928K, used 141787K [0x00000000a3200000, 0x00000000aea80000, 0x00000000e1100000)
  object space 188928K, 75% used [0x00000000a3200000,0x00000000abc76cc8,0x00000000aea80000)
 Metaspace       used 26484K, capacity 27886K, committed 27904K, reserved 1073152K
  class space    used 3564K, capacity 3836K, committed 3840K, reserved 1048576K
Event: 3407.419 GC heap after
Heap after GC invocations=31 (full 4):
 PSYoungGen      total 349696K, used 49178K [0x00000000e1100000, 0x0000000100000000, 0x0000000100000000)
  eden space 300032K, 0% used [0x00000000e1100000,0x00000000e1100000,0x00000000f3600000)
  from space 49664K, 99% used [0x00000000f3600000,0x00000000f6606a40,0x00000000f6680000)
  to   space 74752K, 0% used [0x00000000fb700000,0x00000000fb700000,0x0000000100000000)
 ParOldGen       total 188928K, used 141795K [0x00000000a3200000, 0x00000000aea80000, 0x00000000e1100000)
  object space 188928K, 75% used [0x00000000a3200000,0x00000000abc78cc8,0x00000000aea80000)
 Metaspace       used 26484K, capacity 27886K, committed 27904K, reserved 1073152K
  class space    used 3564K, capacity 3836K, committed 3840K, reserved 1048576K
}
Event: 3410.466 GC heap before
{Heap before GC invocations=32 (full 4):
 PSYoungGen      total 349696K, used 349210K [0x00000000e1100000, 0x0000000100000000, 0x0000000100000000)
  eden space 300032K, 100% used [0x00000000e1100000,0x00000000f3600000,0x00000000f3600000)
  from space 49664K, 99% used [0x00000000f3600000,0x00000000f6606a40,0x00000000f6680000)
  to   space 74752K, 0% used [0x00000000fb700000,0x00000000fb700000,0x0000000100000000)
 ParOldGen       total 188928K, used 141795K [0x00000000a3200000, 0x00000000aea80000, 0x00000000e1100000)
  object space 188928K, 75% used [0x00000000a3200000,0x00000000abc78cc8,0x00000000aea80000)
 Metaspace       used 26489K, capacity 27886K, committed 27904K, reserved 1073152K
  class space    used 3564K, capacity 3836K, committed 3840K, reserved 1048576K
Event: 3410.587 GC heap after
Heap after GC invocations=32 (full 4):
 PSYoungGen      total 434688K, used 49165K [0x00000000e1100000, 0x0000000100000000, 0x0000000100000000)
  eden space 359936K, 0% used [0x00000000e1100000,0x00000000e1100000,0x00000000f7080000)
  from space 74752K, 65% used [0x00000000fb700000,0x00000000fe7036a0,0x0000000100000000)
  to   space 72192K, 0% used [0x00000000f7080000,0x00000000f7080000,0x00000000fb700000)
 ParOldGen       total 188928K, used 146557K [0x00000000a3200000, 0x00000000aea80000, 0x00000000e1100000)
  object space 188928K, 77% used [0x00000000a3200000,0x00000000ac11f768,0x00000000aea80000)
 Metaspace       used 26489K, capacity 27886K, committed 27904K, reserved 1073152K
  class space    used 3564K, capacity 3836K, committed 3840K, reserved 1048576K
}
Event: 3417.639 GC heap before
{Heap before GC invocations=33 (full 4):
 PSYoungGen      total 434688K, used 409101K [0x00000000e1100000, 0x0000000100000000, 0x0000000100000000)
  eden space 359936K, 100% used [0x00000000e1100000,0x00000000f7080000,0x00000000f7080000)
  from space 74752K, 65% used [0x00000000fb700000,0x00000000fe7036a0,0x0000000100000000)
  to   space 72192K, 0% used [0x00000000f7080000,0x00000000f7080000,0x00000000fb700000)
 ParOldGen       total 188928K, used 146557K [0x00000000a3200000, 0x00000000aea80000, 0x00000000e1100000)
  object space 188928K, 77% used [0x00000000a3200000,0x00000000ac11f768,0x00000000aea80000)
 Metaspace       used 26571K, capacity 27966K, committed 28288K, reserved 1073152K
  class space    used 3576K, capacity 3842K, committed 3968K, reserved 1048576K
Event: 3417.774 GC heap after
Heap after GC invocations=33 (full 4):
 PSYoungGen      total 432128K, used 60513K [0x00000000e1100000, 0x0000000100000000, 0x0000000100000000)
  eden space 359936K, 0% used [0x00000000e1100000,0x00000000e1100000,0x00000000f7080000)
  from space 72192K, 83% used [0x00000000f7080000,0x00000000fab98478,0x00000000fb700000)
  to   space 74752K, 0% used [0x00000000fb700000,0x00000000fb700000,0x0000000100000000)
 ParOldGen       total 188928K, used 149678K [0x00000000a3200000, 0x00000000aea80000, 0x00000000e1100000)
  object space 188928K, 79% used [0x00000000a3200000,0x00000000ac42b818,0x00000000aea80000)
 Metaspace       used 26571K, capacity 27966K, committed 28288K, reserved 1073152K
  class space    used 3576K, capacity 3842K, committed 3968K, reserved 1048576K
}

